<?xml version="1.0" encoding="UTF-8"?>
<!-- Generated by org.testng.reporters.JUnitReportReporter -->
<testsuite hostname="DESKTOP-I4ODGID" failures="0" tests="1" name="Regression.NewTest1" time="79.031" errors="0" timestamp="2022-04-21T21:46:19 BDT" skipped="0">
  <testcase classname="Regression.NewTest1" name="f" time="79.031"/>
  <system-out/>
</testsuite> <!-- Regression.NewTest1 -->
