<?xml version="1.0" encoding="UTF-8"?>
<!-- Generated by org.testng.reporters.JUnitReportReporter -->
<testsuite hostname="DESKTOP-I4ODGID" failures="0" tests="5" name="Regression.NewTest2" time="164.822" errors="0" timestamp="2022-04-21T22:23:18 BDT" skipped="0">
  <testcase classname="Regression.NewTest2" name="f" time="32.649"/>
  <system-out/>
  <testcase classname="Regression.NewTest2" name="f" time="36.613"/>
  <system-out/>
  <testcase classname="Regression.NewTest2" name="f" time="31.390"/>
  <system-out/>
  <testcase classname="Regression.NewTest2" name="f" time="30.540"/>
  <system-out/>
  <testcase classname="Regression.NewTest2" name="f" time="33.630"/>
  <system-out/>
</testsuite> <!-- Regression.NewTest2 -->
