<?xml version="1.0" encoding="UTF-8"?>
<!-- Generated by org.testng.reporters.JUnitReportReporter -->
<testsuite hostname="DESKTOP-I4ODGID" failures="0" tests="5" name="Regression.NewTest" time="0.016" errors="0" timestamp="2022-04-21T22:19:47 BDT" skipped="0">
  <testcase classname="Regression.NewTest" name="f" time="0.001"/>
  <system-out/>
  <testcase classname="Regression.NewTest" name="f" time="0.001"/>
  <system-out/>
  <testcase classname="Regression.NewTest" name="f" time="0.001"/>
  <system-out/>
  <testcase classname="Regression.NewTest" name="f" time="0.001"/>
  <system-out/>
  <testcase classname="Regression.NewTest" name="f" time="0.012"/>
  <system-out/>
</testsuite> <!-- Regression.NewTest -->
